
Started GET / for :: ::1 at Sun Jan 28 2024 03:24:16 GMT-0300 (hora de verano de Chile)
  Parameters in body: {}
Completed: 404 message:  Time response: 7 ms Request ID: [462a4c75-0750-40cd-851c-bfb6652038ed]

Started GET / for :: ::1 at Sun Jan 28 2024 03:29:09 GMT-0300 (hora de verano de Chile)
  Parameters in body: {}
Completed: 404 message:  Time response: 5 ms Request ID: [2d67d0b8-7671-4e77-94b5-a98bdabde2c6]

Started GET /usuarios for :: ::1 at Sun Jan 28 2024 03:29:17 GMT-0300 (hora de verano de Chile)
  Parameters in body: {}
Completed: 405 message:  Time response: 4 ms Request ID: [fffeb9df-ec1e-4596-9162-5cbf76a0a356]

Started POST /usuarios for :: ::1 at Sun Jan 28 2024 03:32:42 GMT-0300 (hora de verano de Chile)
  Parameters in body: {"user":{"email":"testo@test.xl","pasword":"987654321","rol":"idiot","lenguage":"COA"}}
Completed: 500 message:  Time response: 3 ms Request ID: [85fbc945-7a9e-4497-8add-2d0e69308dd6]

Started POST /usuarios for :: ::1 at Sun Jan 28 2024 03:33:40 GMT-0300 (hora de verano de Chile)
  Parameters in body: {"email":"testo@test.xl","pasword":"987654321","rol":"idiot","lenguage":"COA"}
Completed: 500 message:  Time response: 4 ms Request ID: [21be6605-b3f3-48df-8b41-d3d5693abd4c]

Started POST /usuarios for :: ::1 at Sun Jan 28 2024 03:34:43 GMT-0300 (hora de verano de Chile)
  Parameters in body: {"email":"testo@test.xl","pasword":"987654321","rol":"idiot","lenguage":"COA"}
Completed: 500 message:  Time response: 6 ms Request ID: [77121858-2a60-4501-a0ec-8fc1d49acaa7]

Started POST /usuarios for :: ::1 at Sun Jan 28 2024 03:34:59 GMT-0300 (hora de verano de Chile)
  Parameters in body: {"email":"testo@test.xl","pasword":"987654321","rol":"idiot","lenguage":"COA"}
Completed: 500 message:  Time response: 8 ms Request ID: [02e2c217-a724-4b9f-9fa9-f5b8dcb633c1]

Started POST /usuarios for :: ::1 at Sun Jan 28 2024 03:35:07 GMT-0300 (hora de verano de Chile)
  Parameters in body: {"email":"testo@test.xl","pasword":"987654321","rol":"idiot","lenguage":"COA"}
Completed: 500 message:  Time response: 7 ms Request ID: [088fae69-eb6a-4f0e-8f53-67504abda768]

Started POST /usuarios for :: ::1 at Sun Jan 28 2024 03:35:13 GMT-0300 (hora de verano de Chile)
  Parameters in body: {"email":"testo@test.xl","pasword":"987654321","rol":"idiot","lenguage":"COA"}
Completed: 500 message:  Time response: 11 ms Request ID: [3311c043-97d2-4e04-88b8-9ed07eb3667f]

Started POST /usuarios for :: ::1 at Sun Jan 28 2024 03:35:20 GMT-0300 (hora de verano de Chile)
  Parameters in body: {"email":"testo@test.xl","pasword":"987654321","rol":"idiot","lenguage":"COA"}
Completed: 500 message:  Time response: 11 ms Request ID: [e008accf-9584-48b3-bac1-6a7be82f9aa1]

Started POST /usuarios for :: ::1 at Sun Jan 28 2024 03:35:29 GMT-0300 (hora de verano de Chile)
  Parameters in body: {"email":"testo@test.xl","pasword":"987654321","rol":"idiot","lenguage":"COA"}
Completed: 500 message:  Time response: 7 ms Request ID: [ed8eb9ab-79fc-4f13-a269-b999b4ec82cf]

Started POST /usuarios for :: ::1 at Sun Jan 28 2024 03:35:35 GMT-0300 (hora de verano de Chile)
  Parameters in body: {"email":"testo@test.xl","pasword":"987654321","rol":"idiot","lenguage":"COA"}
Completed: 500 message:  Time response: 8 ms Request ID: [33f0c339-601f-4c85-89ce-a76b997a5006]

Started POST /usuarios for :: ::1 at Sun Jan 28 2024 03:36:46 GMT-0300 (hora de verano de Chile)
  Parameters in body: {"email":"testo@test.xl","pasword":"987654321","rol":"idiot","lenguage":"COA"}
Completed: 500 message:  Time response: 11 ms Request ID: [ebe54165-485b-48f8-b26f-6f5fe10cc462]

Started POST /usuarios for :: ::1 at Sun Jan 28 2024 03:36:56 GMT-0300 (hora de verano de Chile)
  Parameters in body: {"email":"testo@test.xl","pasword":"987654321","rol":"idiot","lenguage":"COA"}
Completed: 500 message:  Time response: 11 ms Request ID: [a1259e73-8565-4939-ace8-8783a12e3359]

Started POST /usuarios for :: ::1 at Sun Jan 28 2024 03:37:23 GMT-0300 (hora de verano de Chile)
  Parameters in body: {"email":"testo@test.xl","pasword":"987654321","rol":"idiot","lenguage":"COA"}
Completed: 500 message:  Time response: 7 ms Request ID: [ce9b31b3-4c85-4792-8ac7-e321e759abb0]

Started POST /usuarios for :: ::1 at Sun Jan 28 2024 03:37:32 GMT-0300 (hora de verano de Chile)
  Parameters in body: {"email":"testo@test.xl","pasword":"987654321","rol":"idiot","lenguage":"COA"}
Completed: 500 message:  Time response: 14 ms Request ID: [38bdac32-e943-4520-a9f8-2d1e29338245]

Started POST /usuarios for :: ::1 at Sun Jan 28 2024 03:37:39 GMT-0300 (hora de verano de Chile)
  Parameters in body: {"email":"testo@test.xl","pasword":"987654321","rol":"idiot","lenguage":"COA"}
Completed: 500 message:  Time response: 11 ms Request ID: [aa8e7143-b575-409e-8e18-cf4af6726ee6]

Started POST /usuarios for :: ::1 at Sun Jan 28 2024 03:37:50 GMT-0300 (hora de verano de Chile)
  Parameters in body: {"email":"testo@test.xl","pasword":"987654321","rol":"idiot","lenguage":"COA"}
Completed: 500 message:  Time response: 12 ms Request ID: [a13676d3-4f13-4895-b0b4-314070e64714]

Started POST /usuarios for :: ::1 at Sun Jan 28 2024 03:37:58 GMT-0300 (hora de verano de Chile)
  Parameters in body: {"email":"testo@test.xl","pasword":"987654321","rol":"idiot","lenguage":"COA"}
Completed: 500 message:  Time response: 10 ms Request ID: [c3b10cd9-044d-4a88-8b10-51b4cc2d57e7]

Started POST /usuarios for :: ::1 at Sun Jan 28 2024 03:38:01 GMT-0300 (hora de verano de Chile)
  Parameters in body: {"email":"testo@test.xl","pasword":"987654321","rol":"idiot","lenguage":"COA"}
Completed: 500 message:  Time response: 2 ms Request ID: [a072e6aa-9437-4d24-ad72-8f69d012e831]

Started POST /usuarios for :: ::1 at Sun Jan 28 2024 03:42:16 GMT-0300 (hora de verano de Chile)
  Parameters in body: {"email":"testo@test.xl","pasword":"987654321","rol":"idiot","lenguage":"COA"}
Completed: 500 message:  Time response: 8 ms Request ID: [674a4d2a-7e65-4f12-aebd-00a73ac874fc]

Started POST /usuarios for :: ::1 at Sun Jan 28 2024 03:42:31 GMT-0300 (hora de verano de Chile)
  Parameters in body: {"email":"testo@test.xl","pasword":"987654321","rol":"idiot","lenguage":"COA"}
Started POST /usuarios for :: ::1 at Sun Jan 28 2024 03:42:38 GMT-0300 (hora de verano de Chile)
  Parameters in body: {"email":"testo@test.xl","pasword":"987654321","rol":"idiot","lenguage":"COA"}
Completed: 500 message:  Time response: 8 ms Request ID: [63aa3b88-2a84-4804-9ec0-48ab60e879b8]

Started POST /usuarios for :: ::1 at Sun Jan 28 2024 03:43:16 GMT-0300 (hora de verano de Chile)
  Parameters in body: {"email":"testo@test.xl","pasword":"987654321","rol":"idiot","lenguage":"COA"}
Completed: 500 message:  Time response: 13 ms Request ID: [941b149e-967c-4b45-b53d-0b609e945207]

Started POST /usuarios for :: ::1 at Sun Jan 28 2024 03:47:58 GMT-0300 (hora de verano de Chile)
  Parameters in body: {}
Completed: 500 message:  Time response: 8 ms Request ID: [606c19b6-5a77-45c1-a937-d2a0fac8f4a6]

Started POST /usuarios for :: ::1 at Sun Jan 28 2024 03:50:28 GMT-0300 (hora de verano de Chile)
  Parameters in body: {}
Completed: 500 message:  Time response: 9 ms Request ID: [c2ae64ac-f559-4fae-935e-c572fb9f9739]

Started POST /usuarios for :: ::1 at Sun Jan 28 2024 03:51:19 GMT-0300 (hora de verano de Chile)
  Parameters in body: {}
Completed: 500 message:  Time response: 8 ms Request ID: [c1a27806-6c76-4aef-8850-407bbc951fa9]

Started POST /usuarios for :: ::1 at Sun Jan 28 2024 03:51:27 GMT-0300 (hora de verano de Chile)
  Parameters in body: {"email":"testo@test.xl","pasword":"987654321","rol":"idiot","lenguage":"COA"}
Completed: 500 message:  Time response: 3 ms Request ID: [9b12c167-1172-4819-b824-94b0ff873d91]

Started POST /usuarios for :: ::1 at Sun Jan 28 2024 03:54:01 GMT-0300 (hora de verano de Chile)
  Parameters in body: {}
Completed: 500 message:  Time response: 7 ms Request ID: [597e0d96-ecdd-4e17-ba3a-90ad032c26e1]

Started POST /usuarios for :: ::1 at Sun Jan 28 2024 03:54:10 GMT-0300 (hora de verano de Chile)
  Parameters in body: {"email":"testo@test.xl","pasword":"987654321","rol":"idiot","lenguage":"COA"}
Completed: 500 message:  Time response: 2 ms Request ID: [f33ea406-0f41-436c-bca5-f8fb97359c27]

Started POST /users for :: ::1 at Sun Jan 28 2024 03:56:46 GMT-0300 (hora de verano de Chile)
  Parameters in body: {}
Completed: 404 message:  Time response: 3 ms Request ID: [737fe37f-cace-4fa0-8237-be21ac80f50e]

Started POST /usuarios for :: ::1 at Sun Jan 28 2024 03:56:58 GMT-0300 (hora de verano de Chile)
  Parameters in body: {}
Completed: 500 message:  Time response: 2 ms Request ID: [e86ac632-a1ba-499b-8f07-2ea0dca9d313]

Started POST /usuarios for :: ::1 at Sun Jan 28 2024 03:57:20 GMT-0300 (hora de verano de Chile)
  Parameters in body: {}
Completed: 500 message:  Time response: 9 ms Request ID: [8c5dfdf6-8559-438c-85e3-f94566d8317c]

Started POST /usuarios for :: ::1 at Sun Jan 28 2024 04:01:57 GMT-0300 (hora de verano de Chile)
  Parameters in body: {}
Completed: 500 message:  Time response: 8 ms Request ID: [bedc8e38-1ff8-4986-9b86-eb0f6fb4fbe4]

Started POST /usuarios for :: ::1 at Sun Jan 28 2024 04:02:31 GMT-0300 (hora de verano de Chile)
  Parameters in body: {"email":"testo@test.xl","pasword":"987654321","rol":"idiot","lenguage":"COA"}
Completed: 500 message:  Time response: 13 ms Request ID: [c1ac8cc5-88e8-4d9c-9443-e79076b67eb3]

Started POST /usuarios for :: ::1 at Sun Jan 28 2024 04:02:44 GMT-0300 (hora de verano de Chile)
  Parameters in body: {}
Completed: 500 message:  Time response: 5 ms Request ID: [55132c0f-b7d7-46dc-bdb2-f8a7b99365bc]

Started POST /usuarios for :: ::1 at Sun Jan 28 2024 04:04:30 GMT-0300 (hora de verano de Chile)
  Parameters in body: {"email":"testo@test.xl","pasword":"987654321","rol":"idiot","lenguage":"COA"}
Completed: 500 message:  Time response: 6 ms Request ID: [c6d040fb-a398-4d07-bc40-2361b64a74e5]

Started POST /usuarios for :: ::1 at Sun Jan 28 2024 04:04:58 GMT-0300 (hora de verano de Chile)
  Parameters in body: {"email":"testo@test.xl","pasword":"987654321","rol":"idiot","lenguage":"COA"}
Completed: 500 message:  Time response: 7 ms Request ID: [0a268a0a-dfee-4e81-b819-1225ae771ddc]

Started POST /usuarios for :: ::1 at Sun Jan 28 2024 04:05:20 GMT-0300 (hora de verano de Chile)
  Parameters in body: {}
Completed: 500 message:  Time response: 2 ms Request ID: [dc04fddc-e9a9-4845-af51-d6bb63fe765a]

Started POST /usuarios for :: ::1 at Sun Jan 28 2024 04:05:27 GMT-0300 (hora de verano de Chile)
  Parameters in body: {}
Completed: 500 message:  Time response: 2 ms Request ID: [5a053af7-e174-42d7-9931-bcd8885d754e]

Started POST /usuarios for :: ::1 at Sun Jan 28 2024 04:05:45 GMT-0300 (hora de verano de Chile)
  Parameters in body: {"user":{"email":"testo@test.xl","pasword":"987654321","rol":"idiot","lenguage":"COA"}}
Completed: 500 message:  Time response: 2 ms Request ID: [3295bb52-7197-47c1-8f15-0ce96f1ae9fb]

Started POST /usuarios for :: ::1 at Sun Jan 28 2024 04:08:03 GMT-0300 (hora de verano de Chile)
  Parameters in body: {"user":{"email":"testo@test.xl","pasword":"987654321","rol":"idiot","lenguage":"COA"}}
Completed: 500 message:  Time response: 7 ms Request ID: [822da360-8150-4002-ac7a-b0e1b2aa7cfb]

Started POST /usuarios for :: ::1 at Sun Jan 28 2024 04:08:53 GMT-0300 (hora de verano de Chile)
  Parameters in body: {"user":{"email":"testo@test.xl","pasword":"987654321","rol":"idiot","lenguage":"COA"}}
Completed: 500 message:  Time response: 11 ms Request ID: [66497ad3-f1e7-4d28-bcd3-fe942b9ceb3a]

Started POST /usuarios for :: ::1 at Sun Jan 28 2024 04:09:01 GMT-0300 (hora de verano de Chile)
  Parameters in body: {}
Completed: 500 message:  Time response: 2 ms Request ID: [ecec926e-2cdb-4272-bec5-40384fe74e8e]

Started POST /usuarios for :: ::1 at Sun Jan 28 2024 04:09:09 GMT-0300 (hora de verano de Chile)
  Parameters in body: {"user":{"email":"testo@test.xl","pasword":"987654321","rol":"idiot","lenguage":"COA"}}
Completed: 500 message:  Time response: 3 ms Request ID: [25afb5e9-6b8c-44fd-91cc-b3e4145976cf]

Started POST /usuarios for :: ::1 at Sun Jan 28 2024 04:13:01 GMT-0300 (hora de verano de Chile)
  Parameters in body: {"user":{"email":"testo@test.xl","pasword":"987654321","rol":"idiot","lenguage":"COA"}}
Completed: 500 message:  Time response: 7 ms Request ID: [ac989d39-74c3-43df-88ab-65e1c432b484]

Started POST /usuarios for :: ::1 at Sun Jan 28 2024 04:15:55 GMT-0300 (hora de verano de Chile)
  Parameters in body: {"user":{"email":"testo@test.xl","pasword":"987654321","rol":"idiot","lenguage":"COA"}}
Completed: 500 message:  Time response: 10 ms Request ID: [1dd79824-cb91-4aed-8866-1d1ab4263c30]

Started POST /usuarios for :: ::1 at Sun Jan 28 2024 04:28:07 GMT-0300 (hora de verano de Chile)
  Parameters in body: {"email":"testo@test.xl","pasword":"987654321","rol":"idiot","lenguage":"COA"}
Completed: 500 message:  Time response: 4 ms Request ID: [57142f5f-dd6c-41a1-9f15-b56650d39636]

Started POST /usuarios for :: ::1 at Sun Jan 28 2024 04:33:48 GMT-0300 (hora de verano de Chile)
  Parameters in body: {"email":"testo@test.xl","pasword":"987654321","rol":"idiot","lenguage":"COA"}
Completed: 500 message:  Time response: 66 ms Request ID: [668941bf-de18-42d6-9d52-e0eb2f856ff0]

Started POST /usuarios for :: ::1 at Sun Jan 28 2024 04:34:09 GMT-0300 (hora de verano de Chile)
  Parameters in body: {"email":"testo@test.xl","pasword":987654321,"rol":"idiot","lenguage":"COA"}
Completed: 500 message:  Time response: 64 ms Request ID: [2ac3e421-b2e0-42f8-8971-08bd981586da]

Started POST /usuarios for :: ::1 at Sun Jan 28 2024 04:34:58 GMT-0300 (hora de verano de Chile)
  Parameters in body: {"email":"testo@test.xl","pasword":"987654321","rol":"idiot","lenguage":"COA"}
Completed: 500 message:  Time response: 38 ms Request ID: [411edb31-3302-4dd9-ad39-576b142152a9]

Started POST /usuarios for :: ::1 at Sun Jan 28 2024 04:35:49 GMT-0300 (hora de verano de Chile)
  Parameters in body: {"email":"testo@test.xl","password":"987654321","rol":"idiot","lenguage":"COA"}
Completed: 201 message:  Time response: 64 ms Request ID: [1080ee3e-a379-4f7d-adfd-a9588b66d045]

Started POST /usuarios for :: ::1 at Sun Jan 28 2024 04:36:38 GMT-0300 (hora de verano de Chile)
  Parameters in body: {"email":"t2342344@test.xl","password":"987654321","rol":"idiot","lenguage":"COA"}
Completed: 500 message:  Time response: 56 ms Request ID: [984196f9-3587-446c-9061-852aef2a4bfa]

Started POST /usuarios for :: ::1 at Sun Jan 28 2024 04:36:45 GMT-0300 (hora de verano de Chile)
  Parameters in body: {"email":"t24@test.xl","password":"987654321","rol":"idiot","lenguage":"COA"}
Completed: 500 message:  Time response: 39 ms Request ID: [a2dc0299-5db1-448f-b264-df240ac87f77]

Started POST /usuarios for :: ::1 at Sun Jan 28 2024 04:36:49 GMT-0300 (hora de verano de Chile)
  Parameters in body: {"email":"t24@test.xl","password":"987621","rol":"idiot","lenguage":"COA"}
Completed: 500 message:  Time response: 39 ms Request ID: [4b76cd0e-29b1-4503-825b-2659d339619a]

Started POST /usuarios for :: ::1 at Sun Jan 28 2024 04:37:17 GMT-0300 (hora de verano de Chile)
  Parameters in body: {"email":"t24@test.xl","password":"9821","rol":"idiot","lenguage":"COA"}
Completed: 201 message:  Time response: 61 ms Request ID: [476c3d03-2b02-40d6-8f19-328f2fb66157]

Started POST /usuarios for :: ::1 at Sun Jan 28 2024 04:37:34 GMT-0300 (hora de verano de Chile)
  Parameters in body: {"email":"t24@t3st.xl","password":"921","rol":"idiot","lenguage":"COA"}
Completed: 201 message:  Time response: 151 ms Request ID: [c36f3dfb-ec6b-49dc-a247-3da521789e35]

Started POST /usuarios for :: ::1 at Sun Jan 28 2024 04:54:29 GMT-0300 (hora de verano de Chile)
  Parameters in body: {"email":"docente@desafiolatam.com","password":"123456","rol":"Frontend Developer","lenguage":"Ruby"}
Completed: 201 message:  Time response: 150 ms Request ID: [2ee77b1e-ed17-465b-9ff2-9d225c8400b4]

Started POST /login for :: ::1 at Sun Jan 28 2024 04:54:57 GMT-0300 (hora de verano de Chile)
  Parameters in body: {"email":"docente@desafiolatam.com","password":"123456"}
Completed: 405 message:  Time response: 2 ms Request ID: [cf6e4802-6fe6-4c48-9ee3-afb44c979f8e]

Started POST /usuarios for :: ::1 at Sun Jan 28 2024 04:59:00 GMT-0300 (hora de verano de Chile)
  Parameters in body: {"user":{"email":"t24@t12342134123t.xl","password":"921","rol":"idiot","lenguage":"COA"}}
Completed: 500 message:  Time response: 3 ms Request ID: [c8901ded-2d95-4d83-8109-ced44e72a277]

Started POST /usuarios for :: ::1 at Sun Jan 28 2024 04:59:09 GMT-0300 (hora de verano de Chile)
  Parameters in body: {"email":"t24@t12342134123t.xl","password":"921","rol":"idiot","lenguage":"COA"}
Completed: 201 message:  Time response: 128 ms Request ID: [b0db011e-3841-4fa1-8045-968021b72c87]

Started POST /usuarios for :: ::1 at Sun Jan 28 2024 05:00:59 GMT-0300 (hora de verano de Chile)
  Parameters in body: {"email":"t24@tasdft.xl","password":"921","rol":"idiot","lenguage":"COA"}
Completed: 201 message:  Time response: 156 ms Request ID: [6a5ae78a-1204-44e7-8ce5-06e1b315296b]

Started POST /usuarios for :: ::1 at Sun Jan 28 2024 05:03:11 GMT-0300 (hora de verano de Chile)
  Parameters in body: {"email":"testst@tasdft.xl","password":"921","rol":"idiot","lenguage":"COA"}
Completed: 201 message:  Time response: 148 ms Request ID: [ce3f527f-5664-4812-9acd-e29a4aa3d48b]

Started POST /usuarios for :: ::1 at Sun Jan 28 2024 05:03:59 GMT-0300 (hora de verano de Chile)
  Parameters in body: {"email":"testt@tasdft.xl","password":"921","rol":"idiot","lenguage":"COA"}
Completed: 201 message:  Time response: 144 ms Request ID: [fbe555f4-ec3a-457f-8ec3-3ac549f090bd]

Started POST /login for :: ::1 at Sun Jan 28 2024 05:44:52 GMT-0300 (hora de verano de Chile)
  Parameters in body: {"email":"docente@desafiolatam.com","password":"123456"}
Completed: 500 message:  Time response: 47 ms Request ID: [a1e7d9b4-bbf4-4409-a1d8-822a0e4f3da4]

Started POST /login for :: ::1 at Sun Jan 28 2024 05:45:21 GMT-0300 (hora de verano de Chile)
  Parameters in body: {"email":"docente@desafiolatam.com","password":"123456"}
Completed: 500 message:  Time response: 36 ms Request ID: [77e26d65-8465-4e37-b1eb-8189133cfaf3]

Started POST /usuarios for :: ::1 at Sun Jan 28 2024 05:46:02 GMT-0300 (hora de verano de Chile)
  Parameters in body: {}
Completed: 500 message:  Time response: 3 ms Request ID: [ee31ddf2-6947-4486-8beb-235645a5613f]

Started POST /usuarios for :: ::1 at Sun Jan 28 2024 05:46:27 GMT-0300 (hora de verano de Chile)
  Parameters in body: {"email":"correo@correo.cl","password":"123","rol":"idiot","lenguage":"COA"}
Completed: 201 message:  Time response: 129 ms Request ID: [2d2cf461-b57c-4395-9ed4-4a019a25073d]

Started POST /login for :: ::1 at Sun Jan 28 2024 05:46:50 GMT-0300 (hora de verano de Chile)
  Parameters in body: {"email":"correo@correo.cl","password":"123"}
Completed: 500 message:  Time response: 34 ms Request ID: [cdfac109-a973-4dcf-a553-a78bb23c679f]

Started POST /login for :: ::1 at Sun Jan 28 2024 05:48:32 GMT-0300 (hora de verano de Chile)
  Parameters in body: {"email":"correo@correo.cl","password":"123"}
Completed: 500 message:  Time response: 50 ms Request ID: [d16b811d-cb11-4e6a-bd1c-a9c6a3973acd]

Started POST /login for :: ::1 at Sun Jan 28 2024 05:53:30 GMT-0300 (hora de verano de Chile)
  Parameters in body: {"email":"correo@correo.cl","password":"123"}
Completed: 500 message:  Time response: 51 ms Request ID: [fdfec900-5410-4286-83ab-da96c91c8aab]

Started POST /login for :: ::1 at Sun Jan 28 2024 05:56:57 GMT-0300 (hora de verano de Chile)
  Parameters in body: {"email":"correo@correo.cl","password":"123"}
Completed: 500 message:  Time response: 51 ms Request ID: [e1d21449-442a-4f61-acd9-ae3010daa430]

Started POST /login for :: ::1 at Sun Jan 28 2024 05:57:44 GMT-0300 (hora de verano de Chile)
  Parameters in body: {"email":"correo@correo.cl","password":"123"}
Completed: 500 message:  Time response: 36 ms Request ID: [094a67cf-a1d2-435d-8119-8e3ccb0ac403]

Started POST /login for :: ::1 at Sun Jan 28 2024 06:00:36 GMT-0300 (hora de verano de Chile)
  Parameters in body: {"email":"correo@correo.cl","password":"123"}
Completed: 500 message:  Time response: 50 ms Request ID: [b5b3533c-28fc-4b50-bad5-22b231b00633]

Started POST /login for :: ::1 at Sun Jan 28 2024 11:53:35 GMT-0300 (hora de verano de Chile)
  Parameters in body: {"email":"correo@correo.cl","password":"123"}
Started POST /usuarios for :: ::1 at Sun Jan 28 2024 11:53:43 GMT-0300 (hora de verano de Chile)
  Parameters in body: {"email":"correo@correo.cl","password":"123","rol":"idiot","lenguage":"COA"}
Completed: 201 message:  Time response: 155 ms Request ID: [29f12db7-214f-41b5-bc8b-bde2b6099629]

Started POST /usuarios for :: ::1 at Sun Jan 28 2024 11:54:14 GMT-0300 (hora de verano de Chile)
  Parameters in body: {"email":"correo@correo.cl","password":"123","rol":"idiot","lenguage":"COA"}
Completed: 201 message:  Time response: 140 ms Request ID: [b63d34f4-8f2f-4323-b6b3-617bea7216ff]

Started POST /usuarios for :: ::1 at Sun Jan 28 2024 11:54:21 GMT-0300 (hora de verano de Chile)
  Parameters in body: {"email":"correo@correo.cl","password":"123","rol":"idiot","lenguage":"COA"}
Completed: 201 message:  Time response: 73 ms Request ID: [7af1131b-5d4e-40d9-ab71-62bc9e2c7252]

Started POST /usuarios for :: ::1 at Sun Jan 28 2024 12:39:26 GMT-0300 (hora de verano de Chile)
  Parameters in body: {"email":"docente@desafiolatam.com","password":"123456","rol":"Full Stack Developer","lenguage":"JavaScript"}
Completed: 201 message:  Time response: 138 ms Request ID: [76074df0-5431-4f9e-a6cf-c21c9f95d765]

Started POST /login for :: ::1 at Sun Jan 28 2024 12:41:15 GMT-0300 (hora de verano de Chile)
  Parameters in body: {"email":"docente@desafiolatam.com","password":"123456"}
Completed: 500 message:  Time response: 167 ms Request ID: [c7aea6b5-2304-4ade-ad79-f97bf3cb06ef]

Started POST /login for :: ::1 at Sun Jan 28 2024 12:41:54 GMT-0300 (hora de verano de Chile)
  Parameters in body: {"email":"docente@desafiolatam.com","password":"123456"}
Completed: 500 message:  Time response: 163 ms Request ID: [85742320-9d1e-4fb2-93c1-df631145ae14]

Started POST /login for :: ::1 at Sun Jan 28 2024 12:42:14 GMT-0300 (hora de verano de Chile)
  Parameters in body: {"email":"docente@desafiolatam.com","password":"123456"}
Completed: 500 message:  Time response: 54 ms Request ID: [b5818664-72a5-4449-b09b-b2fe1d0e8658]

Started POST /login for :: ::1 at Sun Jan 28 2024 12:42:48 GMT-0300 (hora de verano de Chile)
  Parameters in body: {"email":"docente@desafiolatam.com","password":"123456"}
Completed: 500 message:  Time response: 54 ms Request ID: [12014973-13b6-4129-b4fe-5544fc4ab0fc]

Started POST /login for :: ::1 at Sun Jan 28 2024 12:44:30 GMT-0300 (hora de verano de Chile)
  Parameters in body: {"email":"docente@desafiolatam.com","password":"123456"}
Completed: 500 message:  Time response: 56 ms Request ID: [d408e1ce-c2e4-45b7-b12b-b79bc001d0ad]

Started POST /login for :: ::1 at Sun Jan 28 2024 12:44:37 GMT-0300 (hora de verano de Chile)
  Parameters in body: {"email":"docente@desafiolatam.com","password":"123456"}
Completed: 500 message:  Time response: 53 ms Request ID: [82b77446-f7d2-4f00-b806-469719a9f842]

Started POST /login for :: ::1 at Sun Jan 28 2024 12:47:48 GMT-0300 (hora de verano de Chile)
  Parameters in body: {"email":"docente@desafiolatam.com","password":"123456"}
Completed: 500 message:  Time response: 52 ms Request ID: [82b48272-cf97-4915-bd0e-3ba52dfaab77]

Started POST /login for :: ::1 at Sun Jan 28 2024 12:48:54 GMT-0300 (hora de verano de Chile)
  Parameters in body: {"email":"docente@desafiolatam.com","password":"123456"}
Completed: 500 message:  Time response: 56 ms Request ID: [b5f63e9d-cd58-4035-8ded-e90e705e9784]

Started POST /login for :: ::1 at Sun Jan 28 2024 12:49:12 GMT-0300 (hora de verano de Chile)
  Parameters in body: {"email":"docente@desafiolatam.com","password":"123456"}
Completed: 500 message:  Time response: 58 ms Request ID: [10b408df-bdc9-4ed0-9ac4-e757f572a155]

Started POST /login for :: ::1 at Sun Jan 28 2024 12:49:32 GMT-0300 (hora de verano de Chile)
  Parameters in body: {"email":"docente@desafiolatam.com","password":"123456"}
Completed: 500 message:  Time response: 63 ms Request ID: [cecb3911-61dc-4482-be4e-bed5f1bb0781]

Started POST /login for :: ::1 at Sun Jan 28 2024 12:49:57 GMT-0300 (hora de verano de Chile)
  Parameters in body: {"email":"docente@desafiolatam.com","password":"123456"}
Completed: 500 message:  Time response: 62 ms Request ID: [c31824b7-9db8-401b-b95b-beafc249bfb9]

Started POST /login for :: ::1 at Sun Jan 28 2024 12:50:12 GMT-0300 (hora de verano de Chile)
  Parameters in body: {"email":"docente@desafiolatam.com","password":"123456"}
Completed: 500 message:  Time response: 59 ms Request ID: [cbc6b382-8035-46d0-a01b-b6daed891ad0]

Started POST /login for :: ::1 at Sun Jan 28 2024 12:50:23 GMT-0300 (hora de verano de Chile)
  Parameters in body: {"email":"docente@desafiolatam.com","password":"123456"}
Completed: 500 message:  Time response: 57 ms Request ID: [3b196ac9-ffc8-4900-ac93-b01db40f2b0b]

Started POST /login for :: ::1 at Sun Jan 28 2024 12:50:35 GMT-0300 (hora de verano de Chile)
  Parameters in body: {"email":"docente@desafiolatam.com","password":"123456"}
Completed: 500 message:  Time response: 60 ms Request ID: [7eb2e623-cdd0-4c93-b075-1727e122d583]

Started POST /login for :: ::1 at Sun Jan 28 2024 12:51:04 GMT-0300 (hora de verano de Chile)
  Parameters in body: {"email":"docente@desafiolatm.com","password":"123456"}
Completed: 500 message:  Time response: 57 ms Request ID: [d9fb114c-36a4-4a5b-bba9-80636d69304d]

Started POST /login for :: ::1 at Sun Jan 28 2024 12:51:16 GMT-0300 (hora de verano de Chile)
  Parameters in body: {"email":"docente@desafiolatam.com","password":"123456"}
Completed: 500 message:  Time response: 36 ms Request ID: [aeb1b116-0735-42b0-a1b2-5cc2bb1a545a]

Started POST /login for :: ::1 at Sun Jan 28 2024 12:51:32 GMT-0300 (hora de verano de Chile)
  Parameters in body: {"email":"docente@desafiolatam.com","password":"123456"}
Completed: 500 message:  Time response: 56 ms Request ID: [ecfef84a-8cf1-4245-be3a-92fd00997f60]

Started POST /login for :: ::1 at Sun Jan 28 2024 12:52:09 GMT-0300 (hora de verano de Chile)
  Parameters in body: {"email":"docente@desafiolatam.com","password":"123456"}
Completed: 400 message:  Time response: 176 ms Request ID: [46bf0247-b138-49cb-bcd6-a831ce4ee383]

Started POST /login for :: ::1 at Sun Jan 28 2024 12:53:22 GMT-0300 (hora de verano de Chile)
  Parameters in body: {"email":"docente@desafiolatam.com","password":"123456"}
Completed: 500 message:  Time response: 165 ms Request ID: [a4a58eed-48be-4558-a05e-6ad7a56c9563]

Started POST /login for :: ::1 at Sun Jan 28 2024 12:53:48 GMT-0300 (hora de verano de Chile)
  Parameters in body: {"email":"docente@desafiolatam.com","password":"123456"}
Completed: 500 message:  Time response: 63 ms Request ID: [2c465d27-d825-4173-9c3f-3feb0d94e03a]

Started POST /login for :: ::1 at Sun Jan 28 2024 12:54:27 GMT-0300 (hora de verano de Chile)
  Parameters in body: {"email":"docente@desafiolatam.com","password":"123456"}
Completed: 500 message:  Time response: 139 ms Request ID: [d9c90aaa-a356-4f05-9dd5-6cc01921e382]

Started POST /login for :: ::1 at Sun Jan 28 2024 12:55:06 GMT-0300 (hora de verano de Chile)
  Parameters in body: {"email":"docente@desafiolatam.com","password":"123456"}
Completed: 500 message:  Time response: 149 ms Request ID: [8f706681-70af-4c3d-ad26-7891b6ce8fb9]

Started POST /login for :: ::1 at Sun Jan 28 2024 12:56:50 GMT-0300 (hora de verano de Chile)
  Parameters in body: {"email":"docente@desafiolatam.com","password":"123456"}
Completed: 200 message:  Time response: 133 ms Request ID: [8902a560-e944-42fc-b7fe-e9122228c021]

Started POST /login for :: ::1 at Sun Jan 28 2024 13:07:50 GMT-0300 (hora de verano de Chile)
  Parameters in body: {"email":"docente@desafiolatam.com","password":"123456"}
Completed: 200 message:  Time response: 133 ms Request ID: [d78942bf-88ad-4fc1-aa7b-9308feaf0046]

Started POST /usuarios for :: ::1 at Sun Jan 28 2024 13:08:03 GMT-0300 (hora de verano de Chile)
  Parameters in body: {"email":"unialas@correo.cl","password":"123","rol":"idiot","lenguage":"COA"}
Completed: 201 message:  Time response: 105 ms Request ID: [ff61c0a3-bddc-4142-85b7-ba71d35426ec]

Started GET /login for :: ::1 at Sun Jan 28 2024 14:02:18 GMT-0300 (hora de verano de Chile)
  Parameters in body: {"email":"docente@desafiolatam.com","password":"123456"}
Completed: 404 message:  Time response: 5 ms Request ID: [b337f633-686d-4fd4-9595-8f64c6ea725d]

Started POST /login for :: ::1 at Sun Jan 28 2024 14:02:23 GMT-0300 (hora de verano de Chile)
  Parameters in body: {"email":"docente@desafiolatam.com","password":"123456"}
Completed: 200 message:  Time response: 133 ms Request ID: [44aed902-8cee-489c-ab06-1b33590990bc]

Started POST /login for :: ::1 at Sun Jan 28 2024 14:23:27 GMT-0300 (hora de verano de Chile)
  Parameters in body: {"email":"docente@desafiolatam.com","password":"123456"}
Started POST /login for :: ::1 at Sun Jan 28 2024 14:25:37 GMT-0300 (hora de verano de Chile)
  Parameters in body: {"email":"docente@desafiolatam.com","password":"123456"}
Completed: 200 message:  Time response: 144 ms Request ID: [98257f45-227d-4cc9-938c-7483c8a113b3]

Started POST /login for :: ::1 at Sun Jan 28 2024 14:26:01 GMT-0300 (hora de verano de Chile)
  Parameters in body: {"email":"docente@desafiolatam.com","password":"123456"}
Completed: 200 message:  Time response: 110 ms Request ID: [78c9a135-485c-4377-a377-c241d13a0ada]

Started POST /login for :: ::1 at Sun Jan 28 2024 14:26:07 GMT-0300 (hora de verano de Chile)
  Parameters in body: {"email":"docente@desafiolatam.com","password":"123456"}
Completed: 200 message:  Time response: 77 ms Request ID: [789a3919-a2ef-4d2e-9a17-2a9e0566aa16]

Started POST /login for :: ::1 at Sun Jan 28 2024 14:26:18 GMT-0300 (hora de verano de Chile)
  Parameters in body: {"email":"docente@desafiolatam.com","password":"123456"}
Completed: 200 message:  Time response: 107 ms Request ID: [2d232cda-3134-48a7-b4d1-9dc785c3c72a]

Started POST /login for :: ::1 at Sun Jan 28 2024 14:26:48 GMT-0300 (hora de verano de Chile)
  Parameters in body: {"email":"docente@desafiolatam.com","password":"123456"}
Completed: 200 message:  Time response: 108 ms Request ID: [ec4bdeba-e0ea-4a03-b72d-bc8a8f812fe2]

Started POST /login for :: ::1 at Sun Jan 28 2024 14:26:58 GMT-0300 (hora de verano de Chile)
  Parameters in body: {"email":"docente@desafiolatam.com","password":"123456"}
Completed: 200 message:  Time response: 110 ms Request ID: [79ccf379-65f6-456c-ad54-6aa989b2c70d]

Started POST /login for :: ::1 at Sun Jan 28 2024 14:28:30 GMT-0300 (hora de verano de Chile)
  Parameters in body: {"email":"docente@desafiolatam.com","password":"123456"}
Completed: 200 message:  Time response: 143 ms Request ID: [dbed1cf5-edf0-4461-ad4f-5f8c993cb324]

Started POST /login for :: ::1 at Sun Jan 28 2024 14:28:46 GMT-0300 (hora de verano de Chile)
  Parameters in body: {"email":"docente@desafiolatam.com","password":"123456"}
Completed: 200 message:  Time response: 143 ms Request ID: [1244c4d4-817d-4644-9a89-b86368e7facf]

Started POST /login for :: ::1 at Sun Jan 28 2024 15:04:31 GMT-0300 (hora de verano de Chile)
  Parameters in body: {"email":"docente@desafiolatam.com","password":"123456"}
Completed: 200 message:  Time response: 145 ms Request ID: [575bc8a8-4dff-4e7e-8ef3-7141ead2069c]

Started POST /login for :: ::1 at Sun Jan 28 2024 15:04:40 GMT-0300 (hora de verano de Chile)
  Parameters in body: {"email":"docente@desafiolatam.com","password":"123456"}
Completed: 200 message:  Time response: 87 ms Request ID: [cae2830e-3726-40b2-86fc-6d7f6f0aa356]

Started POST /login for :: ::1 at Sun Jan 28 2024 15:04:52 GMT-0300 (hora de verano de Chile)
  Parameters in body: {"email":"docente@desafiolatam.com","password":"123456"}
Completed: 200 message:  Time response: 113 ms Request ID: [dc73d239-d105-4786-a1d6-72acca98a76d]

Started POST /login for :: ::1 at Sun Jan 28 2024 15:05:16 GMT-0300 (hora de verano de Chile)
  Parameters in body: {"email":"docente@desafiolatam.com","password":"123456"}
Completed: 200 message:  Time response: 140 ms Request ID: [86cbf1c2-08a9-446e-b14b-7ff290988d76]

Started POST /login for :: ::1 at Sun Jan 28 2024 15:05:32 GMT-0300 (hora de verano de Chile)
  Parameters in body: {"email":"docente@desafiolatam.com","password":"123456"}
Completed: 200 message:  Time response: 137 ms Request ID: [4651fca6-11c3-4782-a022-e799b7d6818f]

Started POST /login for :: ::1 at Sun Jan 28 2024 15:05:38 GMT-0300 (hora de verano de Chile)
  Parameters in body: {"email":"docente@desafiolatam.com","password":"123456"}
Completed: 200 message:  Time response: 136 ms Request ID: [90df3b8a-9208-4de7-910f-4f217c0b0613]

Started POST /usuarios for :: ::1 at Sun Jan 28 2024 15:12:07 GMT-0300 (hora de verano de Chile)
  Parameters in body: {"email":" ","password":"123","rol":"idiot","lenguage":"COA"}
Completed: 500 message:  Time response: 7 ms Request ID: [effaec7f-1164-4035-a655-ce22c7673e85]

Started POST /usuarios for :: ::1 at Sun Jan 28 2024 15:12:42 GMT-0300 (hora de verano de Chile)
  Parameters in body: {"email":"asdf@asdf.cl ","password":"123","rol":"idiot","lenguage":"COA"}
Completed: 500 message:  Time response: 2 ms Request ID: [7facafae-936d-447d-9096-d33266267834]

Started POST /usuarios for :: ::1 at Sun Jan 28 2024 15:12:53 GMT-0300 (hora de verano de Chile)
  Parameters in body: {"email":"asdf@asdf.cl","password":"123","rol":"idiot","lenguage":"COA"}
Completed: 500 message:  Time response: 2 ms Request ID: [9466a59d-1650-4efb-a720-b30f47f034f0]

Started POST /login for :: ::1 at Sun Jan 28 2024 15:13:18 GMT-0300 (hora de verano de Chile)
  Parameters in body: {"email":"docente@desafiolatam.com","password":"123456"}
Started POST /login for :: ::1 at Sun Jan 28 2024 15:13:31 GMT-0300 (hora de verano de Chile)
  Parameters in body: {"email":"docente@desafiolatam.com","password":"123456"}
Started POST /login for :: ::1 at Sun Jan 28 2024 15:13:34 GMT-0300 (hora de verano de Chile)
  Parameters in body: {"email":"docente@desafiolatam.com","password":"123456"}
Started POST /login for :: ::1 at Sun Jan 28 2024 15:13:35 GMT-0300 (hora de verano de Chile)
  Parameters in body: {"email":"docente@desafiolatam.com","password":"123456"}
Started POST /login for :: ::1 at Sun Jan 28 2024 15:13:35 GMT-0300 (hora de verano de Chile)
  Parameters in body: {"email":"docente@desafiolatam.com","password":"123456"}
Started POST /login for :: ::1 at Sun Jan 28 2024 15:13:35 GMT-0300 (hora de verano de Chile)
  Parameters in body: {"email":"docente@desafiolatam.com","password":"123456"}
Started POST /login for :: ::ffff:127.0.0.1 at Sun Jan 28 2024 15:14:31 GMT-0300 (hora de verano de Chile)
  Parameters in body: {"email":"docente@desafiolatam.com","password":"123456"}
Started POST /login for :: ::ffff:127.0.0.1 at Sun Jan 28 2024 15:14:31 GMT-0300 (hora de verano de Chile)
  Parameters in body: {"email":"docente@desafiolatam.com","password":"123456"}
Started POST /login for :: ::ffff:127.0.0.1 at Sun Jan 28 2024 15:14:31 GMT-0300 (hora de verano de Chile)
  Parameters in body: {"email":"docente@desafiolatam.com","password":"123456"}
Started POST /usuarios for :: ::ffff:127.0.0.1 at Sun Jan 28 2024 15:14:31 GMT-0300 (hora de verano de Chile)
  Parameters in body: {"email":"docente@desafiolatam.com","password":"123456","rol":"Backend Developer","lenguage":"JavaScript"}
Started POST /usuarios for :: ::ffff:127.0.0.1 at Sun Jan 28 2024 15:14:31 GMT-0300 (hora de verano de Chile)
  Parameters in body: {"email":"docente@desafiolatam.com","password":"123456","rol":"Backend Developer","lenguage":"JavaScript"}
Started POST /usuarios for :: ::ffff:127.0.0.1 at Sun Jan 28 2024 15:14:31 GMT-0300 (hora de verano de Chile)
  Parameters in body: {"email":"docente@desafiolatam.com","password":"123456","rol":"Backend Developer","lenguage":"JavaScript"}
Completed: 500 message:  Time response: 15 ms Request ID: [fb9cabc9-52ad-4571-a8ff-194e8adead91]

Completed: 500 message:  Time response: 15 ms Request ID: [25493511-d9d3-4dde-8f57-c611ecd11fa8]

Completed: 500 message:  Time response: 17 ms Request ID: [33dfd223-4d58-4e9a-a56c-39cdaf185c01]

Started POST /usuarios for :: ::ffff:127.0.0.1 at Sun Jan 28 2024 15:14:31 GMT-0300 (hora de verano de Chile)
  Parameters in body: {"email":"docente@desafiolatam.com","password":"123456","rol":"Backend Developer","lenguage":"JavaScript"}
Started POST /usuarios for :: ::ffff:127.0.0.1 at Sun Jan 28 2024 15:14:31 GMT-0300 (hora de verano de Chile)
  Parameters in body: {"email":"docente@desafiolatam.com","password":"123456","rol":"Backend Developer","lenguage":"JavaScript"}
Started POST /usuarios for :: ::ffff:127.0.0.1 at Sun Jan 28 2024 15:14:31 GMT-0300 (hora de verano de Chile)
  Parameters in body: {"email":"docente@desafiolatam.com","password":"123456","rol":"Backend Developer","lenguage":"JavaScript"}
Completed: 500 message:  Time response: 5 ms Request ID: [4eda95a8-9f3a-4744-aa3e-71d4ee50c443]

Completed: 500 message:  Time response: 5 ms Request ID: [0e3d1dd7-882f-41b9-a71a-1ed5c385da62]

Completed: 500 message:  Time response: 6 ms Request ID: [996af019-024c-4faa-9f75-7f8622ae3202]

Started POST /login for :: ::ffff:127.0.0.1 at Sun Jan 28 2024 15:14:32 GMT-0300 (hora de verano de Chile)
  Parameters in body: {"email":"docente@desafiolatam.com","password":"123456"}
Started POST /login for :: ::ffff:127.0.0.1 at Sun Jan 28 2024 15:14:32 GMT-0300 (hora de verano de Chile)
  Parameters in body: {"email":"docente@desafiolatam.com","password":"123456"}
Started POST /usuarios for :: ::1 at Sun Jan 28 2024 15:14:59 GMT-0300 (hora de verano de Chile)
  Parameters in body: {"email":"docente@desafiolatam.com","password":"123456","rol":"Backend Developer","lenguage":"JavaScript"}
Completed: 500 message:  Time response: 261 ms Request ID: [2abd6ade-2a15-4274-8baf-4727b913b5c4]

Started POST /usuarios for :: ::1 at Sun Jan 28 2024 15:15:24 GMT-0300 (hora de verano de Chile)
  Parameters in body: {"email":"docente@notlatam.com","password":"123456","rol":"Backend Developer","lenguage":"JavaScript"}
Completed: 201 message:  Time response: 112 ms Request ID: [5397fc05-7acb-45c7-a5fc-3585530204e1]

Started POST /usuarios for :: ::1 at Sun Jan 28 2024 15:16:00 GMT-0300 (hora de verano de Chile)
  Parameters in body: {"email":"crecencio@locura.xl","password":"123456","rol":"crusader","lenguage":"CaaaOA"}
Completed: 201 message:  Time response: 107 ms Request ID: [51b00411-504e-4795-b310-f41e3178a61b]

Started POST /login for :: ::1 at Sun Jan 28 2024 15:16:45 GMT-0300 (hora de verano de Chile)
  Parameters in body: {"email":"docente@desafiolatam.com","password":"123456"}
Started POST /login for :: ::1 at Sun Jan 28 2024 15:16:59 GMT-0300 (hora de verano de Chile)
  Parameters in body: {"email":"crecencio@locura.xl","password":"123456"}
Started POST /login for :: ::1 at Sun Jan 28 2024 15:17:25 GMT-0300 (hora de verano de Chile)
  Parameters in body: {"email":"crecencio@locura.xl","password":"123456"}
Completed: 200 message:  Time response: 109 ms Request ID: [fbfd5962-74cb-49c7-970b-1241f8b21a4a]

Started POST /login for :: ::1 at Sun Jan 28 2024 15:17:30 GMT-0300 (hora de verano de Chile)
  Parameters in body: {"email":"crecencio@locura.xl","password":"123456"}
Started POST /login for :: ::ffff:127.0.0.1 at Sun Jan 28 2024 15:19:12 GMT-0300 (hora de verano de Chile)
  Parameters in body: {"email":"docente@desafiolatam.com","password":"123456"}
Started POST /login for :: ::ffff:127.0.0.1 at Sun Jan 28 2024 15:19:12 GMT-0300 (hora de verano de Chile)
  Parameters in body: {"email":"crecencio@locura.xl","password":"123456"}
Started POST /login for :: ::ffff:127.0.0.1 at Sun Jan 28 2024 15:19:12 GMT-0300 (hora de verano de Chile)
  Parameters in body: {"email":"crecencio@locura.xl","password":"123456"}
Started POST /login for :: ::1 at Sun Jan 28 2024 15:19:36 GMT-0300 (hora de verano de Chile)
  Parameters in body: {"email":"crecencio@locura.xl","password":"123456"}
Completed: 200 message:  Time response: 135 ms Request ID: [79b778a2-d9f6-4cce-9ad7-93817304b2d7]

Started POST /login for :: ::1 at Sun Jan 28 2024 15:19:53 GMT-0300 (hora de verano de Chile)
  Parameters in body: {"email":"crecencio@locura.xl","password":"123456"}
Completed: 200 message:  Time response: 104 ms Request ID: [298a291d-3233-473a-9858-49433043f263]

Started POST /login for :: ::1 at Sun Jan 28 2024 15:20:10 GMT-0300 (hora de verano de Chile)
  Parameters in body: {"email":"crecencio@locura.xl","password":"123456"}
Completed: 200 message:  Time response: 105 ms Request ID: [f595b347-e22e-4d7b-bfe8-f038bfda40be]

Started GET /usuarios for :: ::1 at Sun Jan 28 2024 15:20:17 GMT-0300 (hora de verano de Chile)
  Parameters in body: {}
Completed: 405 message:  Time response: 2 ms Request ID: [e509f14f-7c2d-4718-a789-ab19af0a8814]

Started GET /usuarios for :: ::1 at Sun Jan 28 2024 15:20:17 GMT-0300 (hora de verano de Chile)
  Parameters in body: {}
Completed: 405 message:  Time response: 2 ms Request ID: [d5ecff3b-3af2-41fa-b033-09472edde028]

Started POST /login for :: ::1 at Sun Jan 28 2024 15:26:36 GMT-0300 (hora de verano de Chile)
  Parameters in body: {"email":"docente@desafiolatam.com","password":"123456"}
Completed: 200 message:  Time response: 136 ms Request ID: [bdd6a960-b4cc-439b-ac04-40a2a34e34b1]

Started GET /usuarios for :: ::1 at Sun Jan 28 2024 15:26:37 GMT-0300 (hora de verano de Chile)
  Parameters in body: {}
Completed: 405 message:  Time response: 1 ms Request ID: [8b4856bc-83a2-440b-a26a-36c09b601f68]

Started GET /usuarios for :: ::1 at Sun Jan 28 2024 15:26:37 GMT-0300 (hora de verano de Chile)
  Parameters in body: {}
Completed: 405 message:  Time response: 2 ms Request ID: [666da256-caa9-4663-8933-1d200fad3dbf]

Started POST /login for :: ::1 at Sun Jan 28 2024 15:26:52 GMT-0300 (hora de verano de Chile)
  Parameters in body: {"email":"crecencio@locura.xl","password":"123456"}
Completed: 200 message:  Time response: 104 ms Request ID: [2070714c-f29f-44ac-9b77-7126640549aa]

Started POST /login for :: ::1 at Sun Jan 28 2024 15:27:06 GMT-0300 (hora de verano de Chile)
  Parameters in body: {"email":"docente@desafiolatam.com","password":"123456"}
Completed: 200 message:  Time response: 105 ms Request ID: [5a1b7131-5764-493c-beb1-b451648fe33f]

Started GET /usuarios for :: ::1 at Sun Jan 28 2024 15:27:09 GMT-0300 (hora de verano de Chile)
  Parameters in body: {}
Completed: 405 message:  Time response: 2 ms Request ID: [238c8f9c-0213-4556-8a19-73598a13f972]

Started GET /usuarios for :: ::1 at Sun Jan 28 2024 15:27:09 GMT-0300 (hora de verano de Chile)
  Parameters in body: {}
Completed: 405 message:  Time response: 1 ms Request ID: [07a9fcf2-73e8-4171-9a24-7cc22636ccf7]

Started POST /login for :: ::1 at Sun Jan 28 2024 15:27:58 GMT-0300 (hora de verano de Chile)
  Parameters in body: {"email":"docente@desafiolatam.com","password":"123456"}
Started POST /login for :: ::1 at Sun Jan 28 2024 15:28:50 GMT-0300 (hora de verano de Chile)
  Parameters in body: {"email":"docente@desafiolatam.com","password":"123456"}
Started POST /login for :: ::ffff:127.0.0.1 at Sun Jan 28 2024 15:29:05 GMT-0300 (hora de verano de Chile)
  Parameters in body: {"email":"docente@desafiolatam.com","password":"123456"}
Started POST /login for :: ::1 at Sun Jan 28 2024 15:29:05 GMT-0300 (hora de verano de Chile)
  Parameters in body: {"email":"docente@desafiolatam.com","password":"123456"}
Started POST /login for :: ::ffff:127.0.0.1 at Sun Jan 28 2024 15:29:13 GMT-0300 (hora de verano de Chile)
  Parameters in body: {"email":"docente@desafiolatam.com","password":"123456"}
Started POST /login for :: ::1 at Sun Jan 28 2024 15:29:17 GMT-0300 (hora de verano de Chile)
  Parameters in body: {"email":"docente@desafiolatam.com","password":"123456"}
Started POST /login for :: ::ffff:127.0.0.1 at Sun Jan 28 2024 15:29:32 GMT-0300 (hora de verano de Chile)
  Parameters in body: {"email":"docente@desafiolatam.com","password":"123456"}
Started POST /login for :: ::ffff:127.0.0.1 at Sun Jan 28 2024 15:29:52 GMT-0300 (hora de verano de Chile)
  Parameters in body: {"email":"docente@desafiolatam.com","password":"123456"}
Started POST /login for :: ::ffff:127.0.0.1 at Sun Jan 28 2024 15:30:03 GMT-0300 (hora de verano de Chile)
  Parameters in body: {"email":"docente@desafiolatam.com","password":"123456"}
Started POST /login for :: ::1 at Sun Jan 28 2024 15:30:17 GMT-0300 (hora de verano de Chile)
  Parameters in body: {"email":"docente@desafiolatam.com","password":"123456"}
Started POST /login for :: ::ffff:127.0.0.1 at Sun Jan 28 2024 15:30:32 GMT-0300 (hora de verano de Chile)
  Parameters in body: {"email":"docente@desafiolatam.com","password":"123456"}
Started POST /login for :: ::ffff:127.0.0.1 at Sun Jan 28 2024 15:30:33 GMT-0300 (hora de verano de Chile)
  Parameters in body: {"email":"docente@desafiolatam.com","password":"123456"}
Started POST /login for :: ::ffff:127.0.0.1 at Sun Jan 28 2024 15:30:53 GMT-0300 (hora de verano de Chile)
  Parameters in body: {"email":"docente@desafiolatam.com","password":"123456"}
Started POST /login for :: ::ffff:127.0.0.1 at Sun Jan 28 2024 15:30:54 GMT-0300 (hora de verano de Chile)
  Parameters in body: {"email":"docente@desafiolatam.com","password":"123456"}
Started POST /login for :: ::1 at Sun Jan 28 2024 15:31:07 GMT-0300 (hora de verano de Chile)
  Parameters in body: {"email":"docente@desafiolatam.com","password":"123456"}
Started POST /login for :: ::1 at Sun Jan 28 2024 15:31:32 GMT-0300 (hora de verano de Chile)
  Parameters in body: {"email":"crecencio@locura.xl","password":"123456"}
Started POST /login for :: ::ffff:127.0.0.1 at Sun Jan 28 2024 15:31:45 GMT-0300 (hora de verano de Chile)
  Parameters in body: {"email":"docente@desafiolatam.com","password":"123456"}
Started POST /login for :: ::1 at Sun Jan 28 2024 15:31:57 GMT-0300 (hora de verano de Chile)
  Parameters in body: {"email":"docente@desafiolatam.com","password":"123456"}
Started POST /login for :: ::ffff:127.0.0.1 at Sun Jan 28 2024 15:32:46 GMT-0300 (hora de verano de Chile)
  Parameters in body: {"email":"docente@desafiolatam.com","password":"123456"}
Started POST /login for :: ::1 at Sun Jan 28 2024 15:32:54 GMT-0300 (hora de verano de Chile)
  Parameters in body: {"email":"docente@desafiolatam.com","password":"123456"}
Started POST /login for :: ::ffff:127.0.0.1 at Sun Jan 28 2024 15:33:33 GMT-0300 (hora de verano de Chile)
  Parameters in body: {"email":"docente@desafiolatam.com","password":"123456"}
Started POST /login for :: ::1 at Sun Jan 28 2024 15:34:03 GMT-0300 (hora de verano de Chile)
  Parameters in body: {"email":"docente@desafiolatam.com","password":"123456"}
Started POST /login for :: ::ffff:127.0.0.1 at Sun Jan 28 2024 15:34:48 GMT-0300 (hora de verano de Chile)
  Parameters in body: {"email":"docente@desafiolatam.com","password":"123456"}
Started POST /login for :: ::1 at Sun Jan 28 2024 15:34:52 GMT-0300 (hora de verano de Chile)
  Parameters in body: {"email":"docente@desafiolatam.com","password":"123456"}
Started POST /login for :: ::ffff:127.0.0.1 at Sun Jan 28 2024 15:34:59 GMT-0300 (hora de verano de Chile)
  Parameters in body: {"email":"docente@desafiolatam.com","password":"123456"}
Started POST /login for :: ::1 at Sun Jan 28 2024 15:34:59 GMT-0300 (hora de verano de Chile)
  Parameters in body: {"email":"docente@desafiolatam.com","password":"123456"}
Started POST /login for :: ::ffff:127.0.0.1 at Sun Jan 28 2024 15:35:04 GMT-0300 (hora de verano de Chile)
  Parameters in body: {"email":"docente@desafiolatam.com","password":"123456"}
Started POST /login for :: ::ffff:127.0.0.1 at Sun Jan 28 2024 15:35:04 GMT-0300 (hora de verano de Chile)
  Parameters in body: {"email":"docente@desafiolatam.com","password":"123456"}
Started POST /login for :: ::1 at Sun Jan 28 2024 15:35:07 GMT-0300 (hora de verano de Chile)
  Parameters in body: {"email":"docente@desafiolatam.com","password":"123456"}
Started POST /login for :: ::1 at Sun Jan 28 2024 15:35:08 GMT-0300 (hora de verano de Chile)
  Parameters in body: {"email":"docente@desafiolatam.com","password":"123456"}
Started POST /login for :: ::ffff:127.0.0.1 at Sun Jan 28 2024 15:35:13 GMT-0300 (hora de verano de Chile)
  Parameters in body: {"email":"docente@desafiolatam.com","password":"123456"}
Started POST /login for :: ::ffff:127.0.0.1 at Sun Jan 28 2024 15:35:14 GMT-0300 (hora de verano de Chile)
  Parameters in body: {"email":"docente@desafiolatam.com","password":"123456"}
Started POST /login for :: ::1 at Sun Jan 28 2024 15:35:30 GMT-0300 (hora de verano de Chile)
  Parameters in body: {"email":"docente@desafiolatam.com","password":"123456"}
Started POST /login for :: ::ffff:127.0.0.1 at Sun Jan 28 2024 15:35:36 GMT-0300 (hora de verano de Chile)
  Parameters in body: {"email":"docente@desafiolatam.com","password":"123456"}
Started POST /login for :: ::1 at Sun Jan 28 2024 15:37:39 GMT-0300 (hora de verano de Chile)
  Parameters in body: {"email":"docente@desafiolatam.com","password":"123456"}
Started POST /login for :: ::ffff:127.0.0.1 at Sun Jan 28 2024 15:38:55 GMT-0300 (hora de verano de Chile)
  Parameters in body: {"email":"docente@desafiolatam.com","password":"123456"}
Started POST /login for :: ::1 at Sun Jan 28 2024 15:39:00 GMT-0300 (hora de verano de Chile)
  Parameters in body: {"email":"docente@desafiolatam.com","password":"123456"}
Started POST /login for :: ::ffff:127.0.0.1 at Sun Jan 28 2024 15:39:06 GMT-0300 (hora de verano de Chile)
  Parameters in body: {"email":"docente@desafiolatam.com","password":"123456"}
Started POST /login for :: ::1 at Sun Jan 28 2024 15:39:11 GMT-0300 (hora de verano de Chile)
  Parameters in body: {"email":"docente@desafiolatam.com","password":"123456"}
Started POST /login for :: ::ffff:127.0.0.1 at Sun Jan 28 2024 15:39:16 GMT-0300 (hora de verano de Chile)
  Parameters in body: {"email":"docente@desafiolatam.com","password":"123456"}
Started POST /login for :: ::1 at Sun Jan 28 2024 15:39:18 GMT-0300 (hora de verano de Chile)
  Parameters in body: {"email":"docente@desafiolatam.com","password":"123456"}
Started POST /login for :: ::1 at Sun Jan 28 2024 15:40:15 GMT-0300 (hora de verano de Chile)
  Parameters in body: {"email":"crecencio@locura.xl","password":"123456"}
Started POST /login for :: ::ffff:127.0.0.1 at Sun Jan 28 2024 15:40:37 GMT-0300 (hora de verano de Chile)
  Parameters in body: {"email":"docente@desafiolatam.com","password":"123456"}
Started POST /login for :: ::1 at Sun Jan 28 2024 15:41:18 GMT-0300 (hora de verano de Chile)
  Parameters in body: {"email":"docente@desafiolatam.com","password":"123456"}
Started POST /login for :: ::ffff:127.0.0.1 at Sun Jan 28 2024 15:41:25 GMT-0300 (hora de verano de Chile)
  Parameters in body: {"email":"docente@desafiolatam.com","password":"123456"}
Started POST /login for :: ::ffff:127.0.0.1 at Sun Jan 28 2024 15:41:27 GMT-0300 (hora de verano de Chile)
  Parameters in body: {"email":"docente@desafiolatam.com","password":"123456"}
Started POST /login for :: ::ffff:127.0.0.1 at Sun Jan 28 2024 15:41:31 GMT-0300 (hora de verano de Chile)
  Parameters in body: {"email":"docente@desafiolatam.com","password":"123456"}
Started POST /login for :: ::1 at Sun Jan 28 2024 15:43:51 GMT-0300 (hora de verano de Chile)
  Parameters in body: {"email":"docente@desafiolatam.com","password":"123456"}
Completed: 200 message:  Time response: 238 ms Request ID: [1c234366-9d8b-4889-93ff-a850e8144d41]

Started GET /usuarios for :: ::1 at Sun Jan 28 2024 15:43:55 GMT-0300 (hora de verano de Chile)
  Parameters in body: {}
Completed: 405 message:  Time response: 2 ms Request ID: [f35acc0c-7891-421a-a1cf-d19b08f6e548]

Started GET /usuarios for :: ::1 at Sun Jan 28 2024 15:43:55 GMT-0300 (hora de verano de Chile)
  Parameters in body: {}
Completed: 405 message:  Time response: 2 ms Request ID: [413f03e6-4f13-46a8-8b46-737aa65e04e0]

Started POST /login for :: ::1 at Sun Jan 28 2024 15:44:05 GMT-0300 (hora de verano de Chile)
  Parameters in body: {"email":"crecencio@locura.xl","password":"123456"}
Completed: 200 message:  Time response: 111 ms Request ID: [18828b6c-f159-4cdb-b5a5-381a5f78ecc6]

Started POST /login for :: ::1 at Sun Jan 28 2024 15:44:14 GMT-0300 (hora de verano de Chile)
  Parameters in body: {"email":"crecencio@locura.xl","password":"123456"}
Completed: 200 message:  Time response: 73 ms Request ID: [7cfcac60-5459-4954-9d2e-6fede38faead]

Started POST /login for :: ::1 at Sun Jan 28 2024 15:44:16 GMT-0300 (hora de verano de Chile)
  Parameters in body: {"email":"crecencio@locura.xl","password":"123456"}
Completed: 200 message:  Time response: 72 ms Request ID: [396640c4-0b77-47f3-8afd-a64645015a5f]

Started POST /login for :: ::1 at Sun Jan 28 2024 15:44:17 GMT-0300 (hora de verano de Chile)
  Parameters in body: {"email":"crecencio@locura.xl","password":"123456"}
Completed: 200 message:  Time response: 72 ms Request ID: [1f0e154f-fd43-4088-9a8d-cc450eb079c8]

Started POST /login for :: ::1 at Sun Jan 28 2024 15:44:18 GMT-0300 (hora de verano de Chile)
  Parameters in body: {"email":"crecencio@locura.xl","password":"123456"}
Completed: 200 message:  Time response: 71 ms Request ID: [29c7528a-90ce-483b-bd67-574dbcc8cefd]

Started POST /login for :: ::1 at Sun Jan 28 2024 15:44:33 GMT-0300 (hora de verano de Chile)
  Parameters in body: {"email":"crecencio@locura.xl","password":"123456"}
Completed: 200 message:  Time response: 104 ms Request ID: [597ac03b-7410-4010-8477-4840594f1960]

Started POST /login for :: ::1 at Sun Jan 28 2024 15:46:16 GMT-0300 (hora de verano de Chile)
  Parameters in body: {"email":"docente@desafiolatam.com","password":"123456"}
Started POST /login for :: ::ffff:127.0.0.1 at Sun Jan 28 2024 15:48:08 GMT-0300 (hora de verano de Chile)
  Parameters in body: {"email":"docente@desafiolatam.com","password":"123456"}
Started POST /login for :: ::1 at Sun Jan 28 2024 15:49:16 GMT-0300 (hora de verano de Chile)
  Parameters in body: {"email":"docente@desafiolatam.com","password":"123456"}
Started POST /login for :: ::ffff:127.0.0.1 at Sun Jan 28 2024 15:49:22 GMT-0300 (hora de verano de Chile)
  Parameters in body: {"email":"docente@desafiolatam.com","password":"123456"}
Started POST /login for :: ::1 at Sun Jan 28 2024 15:49:29 GMT-0300 (hora de verano de Chile)
  Parameters in body: {"email":"docente@desafiolatam.com","password":"123456"}
Started POST /login for :: ::ffff:127.0.0.1 at Sun Jan 28 2024 15:49:36 GMT-0300 (hora de verano de Chile)
  Parameters in body: {"email":"docente@desafiolatam.com","password":"123456"}
Started POST /login for :: ::1 at Sun Jan 28 2024 15:49:57 GMT-0300 (hora de verano de Chile)
  Parameters in body: {"email":"docente@desafiolatam.com","password":"123456"}
Started POST /login for :: ::ffff:127.0.0.1 at Sun Jan 28 2024 15:50:04 GMT-0300 (hora de verano de Chile)
  Parameters in body: {"email":"docente@desafiolatam.com","password":"123456"}
Started POST /login for :: ::1 at Sun Jan 28 2024 15:50:36 GMT-0300 (hora de verano de Chile)
  Parameters in body: {"email":"docente@desafiolatam.com","password":"123456"}
Started POST /login for :: ::1 at Sun Jan 28 2024 15:51:08 GMT-0300 (hora de verano de Chile)
  Parameters in body: {"email":"docente@desafiolatam.com","password":"123456"}
Started POST /login for :: ::ffff:127.0.0.1 at Sun Jan 28 2024 15:51:22 GMT-0300 (hora de verano de Chile)
  Parameters in body: {"email":"docente@desafiolatam.com","password":"123456"}
Started POST /login for :: ::1 at Sun Jan 28 2024 15:51:29 GMT-0300 (hora de verano de Chile)
  Parameters in body: {"email":"docente@desafiolatam.com","password":"123456"}
Started POST /login for :: ::ffff:127.0.0.1 at Sun Jan 28 2024 15:51:37 GMT-0300 (hora de verano de Chile)
  Parameters in body: {"email":"docente@desafiolatam.com","password":"123456"}
Started POST /login for :: ::1 at Sun Jan 28 2024 15:51:43 GMT-0300 (hora de verano de Chile)
  Parameters in body: {"email":"docente@desafiolatam.com","password":"123456"}
Started POST /login for :: ::ffff:127.0.0.1 at Sun Jan 28 2024 15:51:49 GMT-0300 (hora de verano de Chile)
  Parameters in body: {"email":"docente@desafiolatam.com","password":"123456"}
Started POST /login for :: ::ffff:127.0.0.1 at Sun Jan 28 2024 15:51:49 GMT-0300 (hora de verano de Chile)
  Parameters in body: {"email":"docente@desafiolatam.com","password":"123456"}
Started POST /login for :: ::1 at Sun Jan 28 2024 15:52:05 GMT-0300 (hora de verano de Chile)
  Parameters in body: {"email":"docente@desafiolatam.com","password":"123456"}
Started POST /login for :: ::ffff:127.0.0.1 at Sun Jan 28 2024 15:52:08 GMT-0300 (hora de verano de Chile)
  Parameters in body: {"email":"docente@desafiolatam.com","password":"123456"}
Started POST /login for :: ::1 at Sun Jan 28 2024 15:53:15 GMT-0300 (hora de verano de Chile)
  Parameters in body: {"email":"docente@desafiolatam.com","password":"123456"}
Started POST /login for :: ::ffff:127.0.0.1 at Sun Jan 28 2024 15:53:21 GMT-0300 (hora de verano de Chile)
  Parameters in body: {"email":"docente@desafiolatam.com","password":"123456"}
Started POST /login for :: ::1 at Sun Jan 28 2024 15:53:27 GMT-0300 (hora de verano de Chile)
  Parameters in body: {"email":"docente@desafiolatam.com","password":"123456"}
Started POST /login for :: ::ffff:127.0.0.1 at Sun Jan 28 2024 15:53:31 GMT-0300 (hora de verano de Chile)
  Parameters in body: {"email":"docente@desafiolatam.com","password":"123456"}
Started POST /login for :: ::1 at Sun Jan 28 2024 15:53:40 GMT-0300 (hora de verano de Chile)
  Parameters in body: {"email":"docente@desafiolatam.com","password":"123456"}
Started POST /login for :: ::1 at Sun Jan 28 2024 15:53:46 GMT-0300 (hora de verano de Chile)
  Parameters in body: {"email":"docente@desafiolatam.com","password":"123456"}
Started POST /login for :: ::1 at Sun Jan 28 2024 15:53:51 GMT-0300 (hora de verano de Chile)
  Parameters in body: {"email":"docente@desafiolatam.com","password":"123456"}
Started POST /login for :: ::ffff:127.0.0.1 at Sun Jan 28 2024 15:54:40 GMT-0300 (hora de verano de Chile)
  Parameters in body: {"email":"docente@desafiolatam.com","password":"123456"}
Started POST /login for :: ::1 at Sun Jan 28 2024 15:55:05 GMT-0300 (hora de verano de Chile)
  Parameters in body: {"email":"docente@desafiolatam.com","password":"123456"}
Started POST /login for :: ::ffff:127.0.0.1 at Sun Jan 28 2024 15:55:12 GMT-0300 (hora de verano de Chile)
  Parameters in body: {"email":"docente@desafiolatam.com","password":"123456"}
Started POST /login for :: ::1 at Sun Jan 28 2024 15:55:12 GMT-0300 (hora de verano de Chile)
  Parameters in body: {"email":"docente@desafiolatam.com","password":"123456"}
Started POST /login for :: ::ffff:127.0.0.1 at Sun Jan 28 2024 15:55:16 GMT-0300 (hora de verano de Chile)
  Parameters in body: {"email":"docente@desafiolatam.com","password":"123456"}
Started POST /login for :: ::1 at Sun Jan 28 2024 15:56:45 GMT-0300 (hora de verano de Chile)
  Parameters in body: {"email":"docente@desafiolatam.com","password":"123456"}
Started POST /login for :: ::1 at Sun Jan 28 2024 15:56:53 GMT-0300 (hora de verano de Chile)
  Parameters in body: {"email":"docente@desafiolatam.com","password":"123456"}
Started POST /login for :: ::1 at Sun Jan 28 2024 15:57:04 GMT-0300 (hora de verano de Chile)
  Parameters in body: {"email":"docente@desafiolatam.com","password":"123456"}
Started POST /login for :: ::ffff:127.0.0.1 at Sun Jan 28 2024 15:58:47 GMT-0300 (hora de verano de Chile)
  Parameters in body: {"email":"docente@desafiolatam.com","password":"123456"}
Started POST /login for :: ::ffff:127.0.0.1 at Sun Jan 28 2024 15:58:49 GMT-0300 (hora de verano de Chile)
  Parameters in body: {"email":"docente@desafiolatam.com","password":"123456"}
Started POST /login for :: ::ffff:127.0.0.1 at Sun Jan 28 2024 15:58:54 GMT-0300 (hora de verano de Chile)
  Parameters in body: {"email":"docente@desafiolatam.com","password":"123456"}
Started POST /login for :: ::1 at Sun Jan 28 2024 15:58:59 GMT-0300 (hora de verano de Chile)
  Parameters in body: {"email":"docente@desafiolatam.com","password":"123456"}
Started POST /login for :: ::1 at Sun Jan 28 2024 15:59:29 GMT-0300 (hora de verano de Chile)
  Parameters in body: {"email":"docente@desafiolatam.com","password":"123456"}
Started POST /login for :: ::ffff:127.0.0.1 at Sun Jan 28 2024 15:59:37 GMT-0300 (hora de verano de Chile)
  Parameters in body: {"email":"docente@desafiolatam.com","password":"123456"}
Started POST /login for :: ::ffff:127.0.0.1 at Sun Jan 28 2024 15:59:37 GMT-0300 (hora de verano de Chile)
  Parameters in body: {"email":"docente@desafiolatam.com","password":"123456"}
Started POST /login for :: ::1 at Sun Jan 28 2024 15:59:37 GMT-0300 (hora de verano de Chile)
  Parameters in body: {"email":"docente@desafiolatam.com","password":"123456"}
Started POST /login for :: ::1 at Sun Jan 28 2024 15:59:38 GMT-0300 (hora de verano de Chile)
  Parameters in body: {"email":"docente@desafiolatam.com","password":"123456"}
Started POST /login for :: ::1 at Sun Jan 28 2024 15:59:39 GMT-0300 (hora de verano de Chile)
  Parameters in body: {"email":"docente@desafiolatam.com","password":"123456"}
Started POST /login for :: ::1 at Sun Jan 28 2024 15:59:39 GMT-0300 (hora de verano de Chile)
  Parameters in body: {"email":"docente@desafiolatam.com","password":"123456"}
Started POST /login for :: ::ffff:127.0.0.1 at Sun Jan 28 2024 15:59:46 GMT-0300 (hora de verano de Chile)
  Parameters in body: {"email":"docente@desafiolatam.com","password":"123456"}
Started POST /login for :: ::1 at Sun Jan 28 2024 15:59:47 GMT-0300 (hora de verano de Chile)
  Parameters in body: {"email":"docente@desafiolatam.com","password":"123456"}
Started POST /login for :: ::ffff:127.0.0.1 at Sun Jan 28 2024 16:23:45 GMT-0300 (hora de verano de Chile)
  Parameters in body: {"email":"docente@desafiolatam.com","password":"123456"}
Started POST /login for :: ::1 at Sun Jan 28 2024 16:23:56 GMT-0300 (hora de verano de Chile)
  Parameters in body: {"email":"docente@desafiolatam.com","password":"123456"}
Started POST /login for :: ::ffff:127.0.0.1 at Sun Jan 28 2024 16:24:04 GMT-0300 (hora de verano de Chile)
  Parameters in body: {"email":"docente@desafiolatam.com","password":"123456"}
Started POST /login for :: ::1 at Sun Jan 28 2024 16:48:21 GMT-0300 (hora de verano de Chile)
  Parameters in body: {"email":"docente@desafiolatam.com","password":"123456"}
Completed: 401 message:  Time response: 6 ms Request ID: [6253a444-f479-4fca-bb40-c2181d6da861]

Started POST /login for :: ::1 at Sun Jan 28 2024 16:48:32 GMT-0300 (hora de verano de Chile)
  Parameters in body: {"email":"docente@desafiolatam.com","password":"123456"}
Completed: 401 message:  Time response: 5 ms Request ID: [09ca331e-b1fb-469f-8185-c3bbe6075dc3]

Started POST /login for :: ::1 at Sun Jan 28 2024 16:52:13 GMT-0300 (hora de verano de Chile)
  Parameters in body: {"email":"docente@desafiolatam.com","password":"123456"}
Started POST /login for :: ::ffff:127.0.0.1 at Sun Jan 28 2024 16:52:20 GMT-0300 (hora de verano de Chile)
  Parameters in body: {"email":"docente@desafiolatam.com","password":"123456"}
Started POST /login for :: ::1 at Sun Jan 28 2024 16:54:25 GMT-0300 (hora de verano de Chile)
  Parameters in body: {"email":"docente@desafiolatam.com","password":"123456"}
Completed: 404 message:  Time response: 4 ms Request ID: [60256504-825d-42c0-ab2d-703bcf4d236b]

Started POST /login for :: ::1 at Sun Jan 28 2024 16:56:00 GMT-0300 (hora de verano de Chile)
  Parameters in body: {"email":"docente@desafiolatam.com","password":"123456"}
Started POST /login for :: ::ffff:127.0.0.1 at Sun Jan 28 2024 16:56:14 GMT-0300 (hora de verano de Chile)
  Parameters in body: {"email":"docente@desafiolatam.com","password":"123456"}
Started POST /login for :: ::1 at Sun Jan 28 2024 16:59:24 GMT-0300 (hora de verano de Chile)
  Parameters in body: {"email":"docente@desafiolatam.com","password":"123456"}
Completed: 200 message:  Time response: 133 ms Request ID: [994626b8-9e34-4202-833e-811a1e49469f]

Started GET /usuarios for :: ::1 at Sun Jan 28 2024 16:59:30 GMT-0300 (hora de verano de Chile)
  Parameters in body: {}
Completed: 405 message:  Time response: 3 ms Request ID: [e3447818-8b17-445c-82e7-5166f2f26739]

Started GET /usuarios for :: ::1 at Sun Jan 28 2024 16:59:31 GMT-0300 (hora de verano de Chile)
  Parameters in body: {}
Completed: 405 message:  Time response: 2 ms Request ID: [c9e54d99-5d69-4259-bb7b-88397638d217]

Started POST /login for :: ::1 at Sun Jan 28 2024 17:23:13 GMT-0300 (hora de verano de Chile)
  Parameters in body: {"email":"docente@desafiolatam.com","password":"123456"}
Completed: 200 message:  Time response: 136 ms Request ID: [4b205733-ad44-4975-a73a-76b760621f9e]

Started GET /usuarios for :: ::1 at Sun Jan 28 2024 17:23:14 GMT-0300 (hora de verano de Chile)
  Parameters in body: {}
Completed: 201 message:  Time response: 3 ms Request ID: [fa981f8e-61b8-49ed-aa56-112a83fb141b]

Started GET /usuarios for :: ::1 at Sun Jan 28 2024 17:23:14 GMT-0300 (hora de verano de Chile)
  Parameters in body: {}
Completed: 201 message:  Time response: 2 ms Request ID: [cbb7434b-45a5-4e48-9eb0-4943d3aa4342]

Started POST /login for :: ::1 at Sun Jan 28 2024 17:24:51 GMT-0300 (hora de verano de Chile)
  Parameters in body: {"email":"docente@desafiolatam.com","password":"123456"}
Completed: 200 message:  Time response: 136 ms Request ID: [823407fd-c955-41de-a4d5-36552098781e]

Started GET /usuarios for :: ::1 at Sun Jan 28 2024 17:25:02 GMT-0300 (hora de verano de Chile)
  Parameters in body: {}
Completed: 201 message:  Time response: 36 ms Request ID: [40a3c505-bcb1-4e27-922d-7dfa10853df9]

Started GET /usuarios for :: ::1 at Sun Jan 28 2024 17:25:02 GMT-0300 (hora de verano de Chile)
  Parameters in body: {}
Completed: 201 message:  Time response: 2 ms Request ID: [731f50cb-e9cf-4d35-a66c-7f9006db6c71]

Started GET /usuarios for :: ::1 at Sun Jan 28 2024 17:29:18 GMT-0300 (hora de verano de Chile)
  Parameters in body: {}
Completed: 201 message:  Time response: 53 ms Request ID: [6cb9b991-a5a7-4bb8-bce6-2e98d0df4a8f]

Started GET /usuarios for :: ::1 at Sun Jan 28 2024 17:29:38 GMT-0300 (hora de verano de Chile)
  Parameters in body: {"email":"crecencio@locura.xl"}
Completed: 201 message:  Time response: 36 ms Request ID: [6aaf4b33-775b-477f-a373-6d6693ead4d8]

Started POST /login for :: ::1 at Sun Jan 28 2024 17:33:45 GMT-0300 (hora de verano de Chile)
  Parameters in body: {"email":"docente@desafiolatam.com","password":"123456"}
Completed: 200 message:  Time response: 135 ms Request ID: [f2909b24-1b41-4ed7-a836-4ae797fac0ee]

Started GET /usuarios for :: ::1 at Sun Jan 28 2024 17:33:51 GMT-0300 (hora de verano de Chile)
  Parameters in body: {}
Started GET /usuarios for :: ::ffff:127.0.0.1 at Sun Jan 28 2024 17:34:02 GMT-0300 (hora de verano de Chile)
  Parameters in body: {}
Started GET /usuarios for :: ::ffff:127.0.0.1 at Sun Jan 28 2024 17:34:11 GMT-0300 (hora de verano de Chile)
  Parameters in body: {}
Started GET /usuarios for :: ::ffff:127.0.0.1 at Sun Jan 28 2024 17:34:25 GMT-0300 (hora de verano de Chile)
  Parameters in body: {}
Started POST /login for :: ::1 at Sun Jan 28 2024 17:34:45 GMT-0300 (hora de verano de Chile)
  Parameters in body: {"email":"docente@desafiolatam.com","password":"123456"}
Completed: 200 message:  Time response: 135 ms Request ID: [5f9cd2bd-f423-4b76-9cbd-8dd5d990bddd]

Started GET /usuarios for :: ::1 at Sun Jan 28 2024 17:34:51 GMT-0300 (hora de verano de Chile)
  Parameters in body: {}
Started GET /usuarios for :: ::ffff:127.0.0.1 at Sun Jan 28 2024 17:35:03 GMT-0300 (hora de verano de Chile)
  Parameters in body: {}
Started GET /usuarios for :: ::ffff:127.0.0.1 at Sun Jan 28 2024 17:35:10 GMT-0300 (hora de verano de Chile)
  Parameters in body: {}
Started POST /login for :: ::1 at Sun Jan 28 2024 17:40:13 GMT-0300 (hora de verano de Chile)
  Parameters in body: {"email":"docente@desafiolatam.com","password":"123456"}
Completed: 200 message:  Time response: 134 ms Request ID: [4d9c8efb-5c06-41e3-992e-f35af83d8148]

Started GET /usuarios for :: ::1 at Sun Jan 28 2024 17:40:14 GMT-0300 (hora de verano de Chile)
  Parameters in body: {}
Completed: 201 message:  Time response: 8 ms Request ID: [032fe52a-e2ad-4160-81c7-5accf608967a]

Started GET /usuarios for :: ::1 at Sun Jan 28 2024 17:40:14 GMT-0300 (hora de verano de Chile)
  Parameters in body: {}
Completed: 201 message:  Time response: 5 ms Request ID: [63bdba67-69cc-48ad-9f38-2df082788530]

Started POST /login for :: ::1 at Sun Jan 28 2024 17:41:07 GMT-0300 (hora de verano de Chile)
  Parameters in body: {"email":"docente@desafiolatam.com","password":"123456"}
Completed: 200 message:  Time response: 134 ms Request ID: [1e56b5aa-b9e2-4248-bc82-bfbd1c7be226]

Started GET /usuarios for :: ::1 at Sun Jan 28 2024 17:41:10 GMT-0300 (hora de verano de Chile)
  Parameters in body: {}
Completed: 201 message:  Time response: 6 ms Request ID: [62b17a9a-3fc3-44d0-8dd2-ed8b327bd6ce]

Started GET /usuarios for :: ::1 at Sun Jan 28 2024 17:41:10 GMT-0300 (hora de verano de Chile)
  Parameters in body: {}
Completed: 201 message:  Time response: 3 ms Request ID: [1f9e3aab-4142-4cb5-bf65-554608f5a026]

Started POST /login for :: ::1 at Sun Jan 28 2024 17:48:41 GMT-0300 (hora de verano de Chile)
  Parameters in body: {"email":"docente@desafiolatam.com","password":"123456"}
Completed: 200 message:  Time response: 135 ms Request ID: [e86ef326-a022-4b82-b45d-eca02c93a2f1]

Started GET /usuarios for :: ::1 at Sun Jan 28 2024 17:48:43 GMT-0300 (hora de verano de Chile)
  Parameters in body: {}
Completed: 201 message:  Time response: 4 ms Request ID: [a03f37ac-dde5-43bb-b9b1-892af92d3597]

Started GET /usuarios for :: ::1 at Sun Jan 28 2024 17:48:43 GMT-0300 (hora de verano de Chile)
  Parameters in body: {}
Completed: 201 message:  Time response: 5 ms Request ID: [688639d7-a285-48a5-98fd-f4c05369bc65]
